[debug] [2020-03-24T04:55:31.584Z] ----------------------------------------------------------------------
[debug] [2020-03-24T04:55:31.586Z] Command:       C:\Program Files\nodejs\node.exe C:\Users\User\AppData\Roaming\npm\node_modules\firebase-tools\lib\bin\firebase.js init
[debug] [2020-03-24T04:55:31.586Z] CLI Version:   7.16.0
[debug] [2020-03-24T04:55:31.586Z] Platform:      win32
[debug] [2020-03-24T04:55:31.586Z] Node Version:  v12.14.1
[debug] [2020-03-24T04:55:31.587Z] Time:          Tue Mar 24 2020 12:55:31 GMT+0800 (Singapore Standard Time)
[debug] [2020-03-24T04:55:31.587Z] ----------------------------------------------------------------------
[debug] [2020-03-24T04:55:31.587Z] 
[debug] [2020-03-24T04:55:31.593Z] > command requires scopes: ["email","openid","https://www.googleapis.com/auth/cloudplatformprojects.readonly","https://www.googleapis.com/auth/firebase","https://www.googleapis.com/auth/cloud-platform"]
[debug] [2020-03-24T04:55:31.593Z] > authorizing via signed-in user
[info] 
     ######## #### ########  ######## ########     ###     ######  ########
     ##        ##  ##     ## ##       ##     ##  ##   ##  ##       ##
     ######    ##  ########  ######   ########  #########  ######  ######
     ##        ##  ##    ##  ##       ##     ## ##     ##       ## ##
     ##       #### ##     ## ######## ########  ##     ##  ######  ########

You're about to initialize a Firebase project in this directory:

  C:\Users\User\groceryaxios

Before we get started, keep in mind:

  * You are initializing in an existing Firebase project directory

[info] 
=== Project Setup
[info] 
[info] First, let's associate this project directory with a Firebase project.
[info] You can create multiple project aliases by running firebase use --add, 
[info] but for now we'll just set up a default project.
[info] 
[info] i  .firebaserc already has a default project, using bt3103-2020.
[debug] [2020-03-24T04:55:43.139Z] > refreshing access token with scopes: ["email","https://www.googleapis.com/auth/cloud-platform","https://www.googleapis.com/auth/cloudplatformprojects.readonly","https://www.googleapis.com/auth/firebase","openid"]
[debug] [2020-03-24T04:55:43.139Z] >>> HTTP REQUEST POST https://www.googleapis.com/oauth2/v3/token  
 <request body omitted>
[debug] [2020-03-24T04:55:43.250Z] <<< HTTP RESPONSE 200
[debug] [2020-03-24T04:55:43.259Z] >>> HTTP REQUEST GET https://firebase.googleapis.com/v1beta1/projects/bt3103-2020  
 
[debug] [2020-03-24T04:55:43.533Z] <<< HTTP RESPONSE 403
[debug] [2020-03-24T04:55:43.533Z] <<< HTTP RESPONSE BODY
[debug] [2020-03-24T04:55:43.534Z] HTTP Error: 403, The caller does not have permission
[debug] [2020-03-24T04:55:43.574Z] FirebaseError: HTTP Error: 403, The caller does not have permission
    at module.exports (C:\Users\User\AppData\Roaming\npm\node_modules\firebase-tools\lib\responseToError.js:38:12)
    at Request._callback (C:\Users\User\AppData\Roaming\npm\node_modules\firebase-tools\lib\api.js:40:35)
    at Request.self.callback (C:\Users\User\AppData\Roaming\npm\node_modules\firebase-tools\node_modules\request\request.js:185:22)
    at Request.emit (events.js:223:5)
    at Request.EventEmitter.emit (domain.js:475:20)
    at Request.<anonymous> (C:\Users\User\AppData\Roaming\npm\node_modules\firebase-tools\node_modules\request\request.js:1154:10)
    at Request.emit (events.js:223:5)
    at Request.EventEmitter.emit (domain.js:475:20)
    at IncomingMessage.<anonymous> (C:\Users\User\AppData\Roaming\npm\node_modules\firebase-tools\node_modules\request\request.js:1076:12)
    at Object.onceWrapper (events.js:312:28)
    at IncomingMessage.emit (events.js:228:7)
    at IncomingMessage.EventEmitter.emit (domain.js:475:20)
    at endReadableNT (_stream_readable.js:1185:12)
    at processTicksAndRejections (internal/process/task_queues.js:81:21)
[error] 
[error] Error: Failed to get Firebase project bt3103-2020. Please make sure the project exists and your account has permission to access it.
[debug] [2020-03-24T04:58:22.512Z] ----------------------------------------------------------------------
[debug] [2020-03-24T04:58:22.515Z] Command:       C:\Program Files\nodejs\node.exe C:\Users\User\AppData\Roaming\npm\node_modules\firebase-tools\lib\bin\firebase.js init
[debug] [2020-03-24T04:58:22.515Z] CLI Version:   7.16.0
[debug] [2020-03-24T04:58:22.515Z] Platform:      win32
[debug] [2020-03-24T04:58:22.515Z] Node Version:  v12.14.1
[debug] [2020-03-24T04:58:22.517Z] Time:          Tue Mar 24 2020 12:58:22 GMT+0800 (Singapore Standard Time)
[debug] [2020-03-24T04:58:22.517Z] ----------------------------------------------------------------------
[debug] [2020-03-24T04:58:22.517Z] 
[debug] [2020-03-24T04:58:22.527Z] > command requires scopes: ["email","openid","https://www.googleapis.com/auth/cloudplatformprojects.readonly","https://www.googleapis.com/auth/firebase","https://www.googleapis.com/auth/cloud-platform"]
[debug] [2020-03-24T04:58:22.527Z] > authorizing via signed-in user
[info] 
     ######## #### ########  ######## ########     ###     ######  ########
     ##        ##  ##     ## ##       ##     ##  ##   ##  ##       ##
     ######    ##  ########  ######   ########  #########  ######  ######
     ##        ##  ##    ##  ##       ##     ## ##     ##       ## ##
     ##       #### ##     ## ######## ########  ##     ##  ######  ########

You're about to initialize a Firebase project in this directory:

  C:\Users\User\groceryaxios

Before we get started, keep in mind:

  * You are initializing in an existing Firebase project directory

[info] 
=== Project Setup
[info] 
[info] First, let's associate this project directory with a Firebase project.
[info] You can create multiple project aliases by running firebase use --add, 
[info] but for now we'll just set up a default project.
[info] 
[info] i  .firebaserc already has a default project, using btproject.
[debug] [2020-03-24T04:58:29.110Z] >>> HTTP REQUEST GET https://firebase.googleapis.com/v1beta1/projects/btproject  
 
[debug] [2020-03-24T04:58:29.528Z] <<< HTTP RESPONSE 403
[debug] [2020-03-24T04:58:29.529Z] <<< HTTP RESPONSE BODY
[debug] [2020-03-24T04:58:29.532Z] HTTP Error: 403, The caller does not have permission
[debug] [2020-03-24T04:58:29.571Z] FirebaseError: HTTP Error: 403, The caller does not have permission
    at module.exports (C:\Users\User\AppData\Roaming\npm\node_modules\firebase-tools\lib\responseToError.js:38:12)
    at Request._callback (C:\Users\User\AppData\Roaming\npm\node_modules\firebase-tools\lib\api.js:40:35)
    at Request.self.callback (C:\Users\User\AppData\Roaming\npm\node_modules\firebase-tools\node_modules\request\request.js:185:22)
    at Request.emit (events.js:223:5)
    at Request.EventEmitter.emit (domain.js:475:20)
    at Request.<anonymous> (C:\Users\User\AppData\Roaming\npm\node_modules\firebase-tools\node_modules\request\request.js:1154:10)
    at Request.emit (events.js:223:5)
    at Request.EventEmitter.emit (domain.js:475:20)
    at IncomingMessage.<anonymous> (C:\Users\User\AppData\Roaming\npm\node_modules\firebase-tools\node_modules\request\request.js:1076:12)
    at Object.onceWrapper (events.js:312:28)
    at IncomingMessage.emit (events.js:228:7)
    at IncomingMessage.EventEmitter.emit (domain.js:475:20)
    at endReadableNT (_stream_readable.js:1185:12)
    at processTicksAndRejections (internal/process/task_queues.js:81:21)
[error] 
[error] Error: Failed to get Firebase project btproject. Please make sure the project exists and your account has permission to access it.
[debug] [2020-03-24T04:59:19.344Z] ----------------------------------------------------------------------
[debug] [2020-03-24T04:59:19.346Z] Command:       C:\Program Files\nodejs\node.exe C:\Users\User\AppData\Roaming\npm\node_modules\firebase-tools\lib\bin\firebase.js init
[debug] [2020-03-24T04:59:19.346Z] CLI Version:   7.16.0
[debug] [2020-03-24T04:59:19.346Z] Platform:      win32
[debug] [2020-03-24T04:59:19.346Z] Node Version:  v12.14.1
[debug] [2020-03-24T04:59:19.347Z] Time:          Tue Mar 24 2020 12:59:19 GMT+0800 (Singapore Standard Time)
[debug] [2020-03-24T04:59:19.347Z] ----------------------------------------------------------------------
[debug] [2020-03-24T04:59:19.347Z] 
[debug] [2020-03-24T04:59:19.352Z] > command requires scopes: ["email","openid","https://www.googleapis.com/auth/cloudplatformprojects.readonly","https://www.googleapis.com/auth/firebase","https://www.googleapis.com/auth/cloud-platform"]
[debug] [2020-03-24T04:59:19.353Z] > authorizing via signed-in user
[info] 
     ######## #### ########  ######## ########     ###     ######  ########
     ##        ##  ##     ## ##       ##     ##  ##   ##  ##       ##
     ######    ##  ########  ######   ########  #########  ######  ######
     ##        ##  ##    ##  ##       ##     ## ##     ##       ## ##
     ##       #### ##     ## ######## ########  ##     ##  ######  ########

You're about to initialize a Firebase project in this directory:

  C:\Users\User\groceryaxios

Before we get started, keep in mind:

  * You are initializing in an existing Firebase project directory

[info] 
=== Project Setup
[info] 
[info] First, let's associate this project directory with a Firebase project.
[info] You can create multiple project aliases by running firebase use --add, 
[info] but for now we'll just set up a default project.
[info] 
